<?xml version="1.0" encoding="UTF-8"?>
<testsuite name="dev.dreamcraft.protection.TierAndConfigTest" tests="14" skipped="0" failures="0" errors="0" timestamp="2026-08-20T20:56:56.658Z" hostname="DESKTOP-VBG37J7" time="0.011">
  <properties/>
  <testcase name="claimBoundsContainsCenter()" classname="dev.dreamcraft.protection.TierAndConfigTest" time="0.0"/>
  <testcase name="parsesMilliseconds()" classname="dev.dreamcraft.protection.TierAndConfigTest" time="0.002"/>
  <testcase name="parsesDays()" classname="dev.dreamcraft.protection.TierAndConfigTest" time="0.0"/>
  <testcase name="claimBoundsIntersect()" classname="dev.dreamcraft.protection.TierAndConfigTest" time="0.001"/>
  <testcase name="domainTierHasCorrectValues()" classname="dev.dreamcraft.protection.TierAndConfigTest" time="0.0"/>
  <testcase name="claimBoundsExcludesOutside()" classname="dev.dreamcraft.protection.TierAndConfigTest" time="0.001"/>
  <testcase name="parsesHours()" classname="dev.dreamcraft.protection.TierAndConfigTest" time="0.001"/>
  <testcase name="claimBoundsContainsEdge()" classname="dev.dreamcraft.protection.TierAndConfigTest" time="0.0"/>
  <testcase name="parsesMinutes()" classname="dev.dreamcraft.protection.TierAndConfigTest" time="0.0"/>
  <testcase name="configuredTierRadiusIsCorrectForDomainViaMap()" classname="dev.dreamcraft.protection.TierAndConfigTest" time="0.001"/>
  <testcase name="parsesIso8601Fallback()" classname="dev.dreamcraft.protection.TierAndConfigTest" time="0.001"/>
  <testcase name="basicTierHasCorrectValues()" classname="dev.dreamcraft.protection.TierAndConfigTest" time="0.001"/>
  <testcase name="claimBoundsNoIntersect()" classname="dev.dreamcraft.protection.TierAndConfigTest" time="0.0"/>
  <testcase name="allConfiguredTiersFromTestConfig()" classname="dev.dreamcraft.protection.TierAndConfigTest" time="0.001"/>
  <system-out><![CDATA[]]></system-out>
  <system-err><![CDATA[]]></system-err>
</testsuite>
