<?xml version="1.0" encoding="UTF-8"?>
<testsuite name="dev.dreamcraft.protection.UpkeepCalculatorTest" tests="11" skipped="0" failures="0" errors="0" timestamp="2026-08-20T20:56:56.670Z" hostname="DESKTOP-VBG37J7" time="0.009">
  <properties/>
  <testcase name="snapshotIsUnmodifiable()" classname="dev.dreamcraft.protection.UpkeepCalculatorTest" time="0.001"/>
  <testcase name="zeroCategoryCountsYieldsMinimumCostOne()" classname="dev.dreamcraft.protection.UpkeepCalculatorTest" time="0.002"/>
  <testcase name="claimEntersUnprotectedAfterGraceExpires()" classname="dev.dreamcraft.protection.UpkeepCalculatorTest" time="0.001"/>
  <testcase name="claimIsActiveWithAmpleResources()" classname="dev.dreamcraft.protection.UpkeepCalculatorTest" time="0.001"/>
  <testcase name="depositThenWithdraw()" classname="dev.dreamcraft.protection.UpkeepCalculatorTest" time="0.0"/>
  <testcase name="computesDailyCostAndRemainingTime()" classname="dev.dreamcraft.protection.UpkeepCalculatorTest" time="0.001"/>
  <testcase name="zeroStoredUnitsGivesZeroTimeRemaining()" classname="dev.dreamcraft.protection.UpkeepCalculatorTest" time="0.0"/>
  <testcase name="claimEntersNoResourcesWhenEmptyAndWithinGrace()" classname="dev.dreamcraft.protection.UpkeepCalculatorTest" time="0.0"/>
  <testcase name="claimEntersWarningState()" classname="dev.dreamcraft.protection.UpkeepCalculatorTest" time="0.001"/>
  <testcase name="cannotWithdrawMoreThanAvailable()" classname="dev.dreamcraft.protection.UpkeepCalculatorTest" time="0.001"/>
  <testcase name="depositing10ItemsGives640Units()" classname="dev.dreamcraft.protection.UpkeepCalculatorTest" time="0.0"/>
  <system-out><![CDATA[]]></system-out>
  <system-err><![CDATA[]]></system-err>
</testsuite>
