<?xml version="1.0" encoding="UTF-8"?>
<testsuite name="dev.dreamcraft.protection.ClaimIndexTest" tests="12" skipped="0" failures="0" errors="0" timestamp="2026-08-20T20:56:56.524Z" hostname="DESKTOP-VBG37J7" time="0.01">
  <properties/>
  <testcase name="missClaim_differentWorld()" classname="dev.dreamcraft.protection.ClaimIndexTest" time="0.0"/>
  <testcase name="findsCorrectClaimAmongMultiple()" classname="dev.dreamcraft.protection.ClaimIndexTest" time="0.001"/>
  <testcase name="detectsOverlapThroughGrid()" classname="dev.dreamcraft.protection.ClaimIndexTest" time="0.0"/>
  <testcase name="missClaim_justOutsideBoundary()" classname="dev.dreamcraft.protection.ClaimIndexTest" time="0.0"/>
  <testcase name="exactlyAdjacentClaimsDoNotOverlap()" classname="dev.dreamcraft.protection.ClaimIndexTest" time="0.001"/>
  <testcase name="findsClaimInsideBounds()" classname="dev.dreamcraft.protection.ClaimIndexTest" time="0.001"/>
  <testcase name="findsClaimAtCenter()" classname="dev.dreamcraft.protection.ClaimIndexTest" time="0.0"/>
  <testcase name="noOverlapForDistantClaims()" classname="dev.dreamcraft.protection.ClaimIndexTest" time="0.0"/>
  <testcase name="removedClaimNotFound()" classname="dev.dreamcraft.protection.ClaimIndexTest" time="0.0"/>
  <testcase name="largeRadiusContainsSmallClaimCenter()" classname="dev.dreamcraft.protection.ClaimIndexTest" time="0.0"/>
  <testcase name="touchingBoundaryCausesOverlap()" classname="dev.dreamcraft.protection.ClaimIndexTest" time="0.0"/>
  <testcase name="findsClaimAtBoundaryEdge()" classname="dev.dreamcraft.protection.ClaimIndexTest" time="0.0"/>
  <system-out><![CDATA[]]></system-out>
  <system-err><![CDATA[]]></system-err>
</testsuite>
